/Users/barbara/Library/Python/3.9/lib/python/site-packages/urllib3/__init__.py:35: NotOpenSSLWarning: urllib3 v2 only supports OpenSSL 1.1.1+, currently the 'ssl' module is compiled with 'LibreSSL 2.8.3'. See: https://github.com/urllib3/urllib3/issues/3020
  warnings.warn(
╔══════════════════════════════════════════════════════════════╗
║        SKYNET KNOWLEDGE EXTRACTION — SPRINT K2              ║
║        134 libros · 12 categorías · Fuente Primaria            ║
╚══════════════════════════════════════════════════════════════╝

  [001/134] ASTROLOGIA → Astronomica
          ✅ 49,992 chars extraídos
  [002/134] ASTROLOGIA → Tetrabiblos
          ✅ 49,972 chars extraídos
  [003/134] ASTROLOGIA → Christian Astrology vol 1
          ❌ No disponible online
  [004/134] ASTROLOGIA → Astrology for All
          ❌ No disponible online
  [005/134] ASTROLOGIA → The Astrologer's Magazine Collection
          ❌ No disponible online
  [006/134] ASTROLOGIA → The Art of Synthesis
          ❌ No disponible online
  [007/134] ASTROLOGIA → Esoteric Astrology
          ❌ No disponible online
  [008/134] ASTROLOGIA → A Treatise on Cosmic Fire
          ❌ No disponible online
  [009/134] ASTROLOGIA → The Planets and Human Behavior
          ❌ No disponible online
  [010/134] ASTROLOGIA → Astrology of Personality
          ❌ No disponible online
  [011/134] ASTROLOGIA → The Practice of Astrology
          ❌ No disponible online
  [012/134] ASTROLOGIA → Person-Centered Astrology
          ❌ No disponible online
  [013/134] ASTROLOGIA → Sepharial Manual of Astrology
          ❌ No disponible online
  [014/134] ASTROLOGIA → The Kabala of Numbers
          ✅ 49,992 chars extraídos
  [015/134] ASTROLOGIA → New Dictionary of Astrology
          ❌ No disponible online
  [016/134] ASTROLOGIA → Primum Mobile
          ❌ No disponible online
  [017/134] ASTROLOGIA → The Message of the Stars
          ✅ 49,996 chars extraídos
  [018/134] ASTROLOGIA → Simplified Scientific Astrology
          ✅ 49,992 chars extraídos
  [019/134] ASTROLOGIA → Astrology and the Modern Psyche
          ❌ No disponible online
  [020/134] ASTROLOGIA → The Lunation Cycle
          ❌ No disponible online
  [021/134] NUMEROLOGIA → Cheiro's Book of Numbers
          ✅ 41,698 chars extraídos
  [022/134] NUMEROLOGIA → Cheiro's Language of the Hand
          ✅ 49,992 chars extraídos
  [023/134] NUMEROLOGIA → Cheiro's Palmistry for All
          ✅ 49,992 chars extraídos
  [024/134] NUMEROLOGIA → The Kabala of Numbers vol 1
          ✅ 49,992 chars extraídos
  [025/134] NUMEROLOGIA → The Kabala of Numbers vol 2
          ✅ 49,992 chars extraídos
  [026/134] NUMEROLOGIA → Numbers: Their Occult Power and Mystic Virtues
          ✅ 49,992 chars extraídos
  [027/134] NUMEROLOGIA → The Romance in Your Name
          ❌ No disponible online
  [028/134] KABBALAH → The Kabbalah Unveiled
          ✅ 49,995 chars extraídos
  [029/134] KABBALAH → The Holy Kabbalah
          ❌ No disponible online
  [030/134] KABBALAH → The Mystical Qabalah
          ❌ No disponible online
  [031/134] KABBALAH → 777 and Other Qabalistic Writings
          ❌ No disponible online
  [032/134] KABBALAH → Liber 777
          ❌ No disponible online
  [033/134] KABBALAH → Sefer Yetzirah (Saadia Gaon version)
          ❌ No disponible online
  [034/134] KABBALAH → Introduction to the Study of the Kabalah
          ✅ 49,998 chars extraídos
  [035/134] KABBALAH → The Qabalah of Aleister Crowley
          ✅ 49,999 chars extraídos
  [036/134] KABBALAH → A Garden of Pomegranates
          ❌ No disponible online
  [037/134] KABBALAH → The Tree of Life
          ❌ No disponible online
  [038/134] KABBALAH → Clavicula Salomonis
          ✅ 49,995 chars extraídos
  [039/134] KABBALAH → The Book of the Sacred Magic of Abramelin
          ✅ 49,992 chars extraídos
  [040/134] HERMETISMO → Corpus Hermeticum
          ✅ 49,998 chars extraídos
  [041/134] HERMETISMO → The Kybalion
          ✅ 49,998 chars extraídos
  [042/134] HERMETISMO → Dogma and Ritual of High Magic
          ✅ 25,324 chars extraídos
  [043/134] HERMETISMO → Transcendental Magic
          ✅ 49,998 chars extraídos
  [044/134] HERMETISMO → The History of Magic
          ✅ 49,998 chars extraídos
  [045/134] HERMETISMO → The Magus
          ✅ 49,998 chars extraídos
  [046/134] HERMETISMO → Occult Science in India
          ✅ 49,992 chars extraídos
  [047/134] HERMETISMO → The Secret of the Golden Flower
          ❌ No disponible online
  [048/134] HERMETISMO → The Emerald Tablet of Hermes
          ✅ 49,992 chars extraídos
  [049/134] HERMETISMO → Three Books of Occult Philosophy
          ✅ 7,312 chars extraídos
  [050/134] HERMETISMO → The Fourth Book of Occult Philosophy
          ❌ No disponible online
  [051/134] HERMETISMO → The Rosicrucian Cosmo-Conception
          ✅ 49,992 chars extraídos
  [052/134] HERMETISMO → Fama Fraternitatis (Rosicrucian Manifesto)
          ✅ 49,990 chars extraídos
  [053/134] HERMETISMO → Magic — White and Black
          ✅ 49,992 chars extraídos
  [054/134] HERMETISMO → Paracelsus and his Work
          ✅ 49,992 chars extraídos
  [055/134] PSICOLOGIA → The Interpretation of Dreams
          ✅ 49,992 chars extraídos
  [056/134] PSICOLOGIA → A General Introduction to Psychoanalysis
          ✅ 49,992 chars extraídos
  [057/134] PSICOLOGIA → Three Contributions to Sexual Theory
          ✅ 49,992 chars extraídos
  [058/134] PSICOLOGIA → The Ego and the Id
          ✅ 49,998 chars extraídos
  [059/134] PSICOLOGIA → The Varieties of Religious Experience
          ✅ 49,972 chars extraídos
  [060/134] PSICOLOGIA → The Principles of Psychology
          ✅ 49,996 chars extraídos
  [061/134] PSICOLOGIA → Psychology and Alchemy
          ❌ No disponible online
  [062/134] PSICOLOGIA → The Secret of the Golden Flower (Jung commentary)
          ❌ No disponible online
  [063/134] PSICOLOGIA → Psychology of the Unconscious
          ❌ No disponible online
  [064/134] PSICOLOGIA → Individuation: A Study of the Depth Psychology of 
          ❌ No disponible online
  [065/134] PSICOLOGIA → The Archetypes and the Collective Unconscious
          ❌ No disponible online
  [066/134] PSICOLOGIA → Civilization and Its Discontents
          ✅ 49,992 chars extraídos
  [067/134] PSICOLOGIA → Beyond the Pleasure Principle
          ✅ 49,996 chars extraídos
  [068/134] FILOSOFIA → The Republic
          ✅ 49,992 chars extraídos
  [069/134] FILOSOFIA → The Symposium
          ✅ 49,992 chars extraídos
  [070/134] FILOSOFIA → Timaeus
          ✅ 49,982 chars extraídos
  [071/134] FILOSOFIA → Phaedrus
          ✅ 49,992 chars extraídos
  [072/134] FILOSOFIA → Thus Spoke Zarathustra
          ✅ 49,991 chars extraídos
  [073/134] FILOSOFIA → Beyond Good and Evil
          ✅ 49,991 chars extraídos
  [074/134] FILOSOFIA → The Birth of Tragedy
          ✅ 50,000 chars extraídos
  [075/134] FILOSOFIA → Human, All Too Human
          ✅ 49,992 chars extraídos
  [076/134] FILOSOFIA → Meditations
          ✅ 49,992 chars extraídos
  [077/134] FILOSOFIA → The Art of War
          ✅ 50,000 chars extraídos
  [078/134] FILOSOFIA → Tao Te Ching
          ✅ 49,992 chars extraídos
  [079/134] FILOSOFIA → The Enneads
          ✅ 49,992 chars extraídos
  [080/134] FILOSOFIA → The Philosophy of Plotinus
          ❌ No disponible online
  [081/134] FILOSOFIA → Enchiridion
          ✅ 49,975 chars extraídos
  [082/134] FILOSOFIA → The Discourses of Epictetus
          ✅ 49,991 chars extraídos
  [083/134] MITOLOGIA → Metamorphoses
          ✅ 49,990 chars extraídos
  [084/134] MITOLOGIA → Theogony and Works and Days
          ✅ 49,992 chars extraídos
  [085/134] MITOLOGIA → The Golden Bough
          ✅ 49,996 chars extraídos
  [086/134] MITOLOGIA → The Hero with a Thousand Faces
          ✅ 50,000 chars extraídos
  [087/134] MITOLOGIA → Egyptian Book of the Dead
          ✅ 49,992 chars extraídos
  [088/134] MITOLOGIA → Myths and Legends of Ancient Greece and Rome
          ✅ 49,992 chars extraídos
  [089/134] MITOLOGIA → Bulfinch's Mythology
          ✅ 49,991 chars extraídos
  [090/134] MITOLOGIA → The Prose Edda (Norse Mythology)
          ✅ 49,992 chars extraídos
  [091/134] MITOLOGIA → The Poetic Edda
          ✅ 49,998 chars extraídos
  [092/134] MITOLOGIA → Celtic Myth and Legend
          ✅ 49,992 chars extraídos
  [093/134] ESPIRITUALIDAD → The Secret Doctrine vol I
          ✅ 49,992 chars extraídos
  [094/134] ESPIRITUALIDAD → The Secret Doctrine vol II
          ✅ 49,991 chars extraídos
  [095/134] ESPIRITUALIDAD → Isis Unveiled vol I
          ✅ 50,000 chars extraídos
  [096/134] ESPIRITUALIDAD → Isis Unveiled vol II
          ✅ 49,992 chars extraídos
  [097/134] ESPIRITUALIDAD → The Key to Theosophy
          ✅ 49,992 chars extraídos
  [098/134] ESPIRITUALIDAD → The Voice of the Silence
          ✅ 49,990 chars extraídos
  [099/134] ESPIRITUALIDAD → Light on the Path
          ✅ 49,974 chars extraídos
  [100/134] ESPIRITUALIDAD → The Spiritual Guide
          ✅ 49,998 chars extraídos
  [101/134] ESPIRITUALIDAD → The Masnavi (Book of Rumi)
          ✅ 49,998 chars extraídos
  [102/134] ESPIRITUALIDAD → The Interior Castle
          ✅ 42,763 chars extraídos
  [103/134] ESPIRITUALIDAD → The Dark Night of the Soul
          ✅ 41,763 chars extraídos
  [104/134] ESPIRITUALIDAD → The Upanishads (F. Max Müller trans)
          ✅ 49,992 chars extraídos
  [105/134] ESPIRITUALIDAD → The Bhagavad Gita
          ✅ 49,991 chars extraídos
  [106/134] ESPIRITUALIDAD → The Gospel of Buddha
          ✅ 49,992 chars extraídos
  [107/134] ESPIRITUALIDAD → Raja Yoga
          ✅ 49,974 chars extraídos
  [108/134] ESPIRITUALIDAD → Jnana Yoga
          ✅ 49,994 chars extraídos
  [109/134] ESPIRITUALIDAD → The Secret Teachings of All Ages
          ❌ No disponible online
  [110/134] ESPIRITUALIDAD → The Aquarian Gospel of Jesus the Christ
          ✅ 49,992 chars extraídos
  [111/134] ESPIRITUALIDAD → The Book of Dzyan
          ❌ No disponible online
  [112/134] ESPIRITUALIDAD → Letters That Have Helped Me
          ✅ 49,997 chars extraídos
  [113/134] TAROT → The Pictorial Key to the Tarot
          ✅ 49,998 chars extraídos
  [114/134] TAROT → The Tarot of the Bohemians
          ✅ 49,992 chars extraídos
  [115/134] TAROT → The Book of Thoth
          ❌ No disponible online
  [116/134] TAROT → General Book of the Tarot
          ✅ 49,992 chars extraídos
  [117/134] TAROT → The Symbolism of the Tarot
          ✅ 49,998 chars extraídos
  [118/134] SISTEMAS_DIV → The I Ching or Book of Changes
          ❌ No disponible online
  [119/134] SISTEMAS_DIV → Sacred Book of the East — I Ching (Legge)
          ✅ 49,991 chars extraídos
  [120/134] SISTEMAS_DIV → The Rune Primer
          ❌ No disponible online
  [121/134] SISTEMAS_DIV → Geomancy (The Art of)
          ✅ 49,992 chars extraídos
  [122/134] AUTOAYUDA → As a Man Thinketh
          ✅ 45,887 chars extraídos
  [123/134] AUTOAYUDA → The Science of Getting Rich
          ✅ 49,992 chars extraídos
  [124/134] AUTOAYUDA → Think and Grow Rich
          ❌ No disponible online
  [125/134] AUTOAYUDA → The Power of Your Subconscious Mind
          ✅ 50,000 chars extraídos
  [126/134] AUTOAYUDA → The Game of Life and How to Play It
          ✅ 50,000 chars extraídos
  [127/134] AUTOAYUDA → The Secret (excerpts context)
          ✅ 49,992 chars extraídos
  [128/134] AUTOAYUDA → Creative Visualization
          ✅ 50,000 chars extraídos
  [129/134] AUTOAYUDA → Self-Reliance
          ✅ 49,960 chars extraídos
  [130/134] CIENCIA → The Tao of Physics
          ❌ No disponible online
  [131/134] CIENCIA → Space, Time and Deity
          ✅ 49,992 chars extraídos
  [132/134] CIENCIA → The Phenomenon of Man
          ✅ 50,000 chars extraídos
  [133/134] CIENCIA → A New Science of Life
          ✅ 50,000 chars extraídos
  [134/134] CIENCIA → Mathematical Principles of Natural Philosophy
          ✅ 49,991 chars extraídos

╔══════════════════════════════════════════════════════════════╗
║                SPRINT K2 — RESUMEN FINAL                    ║
║  ✅ Descargados:  96                                     ║
║  ⚡ Ya existían:   0                                     ║
║  ❌ No disponibles:  38                                  ║
║  📁 Índice: knowledge/knowledge_index.json                  ║
╚══════════════════════════════════════════════════════════════╝
